# JRE version: OpenJDK Runtime Environment (11.0.13) (build 11.0.13+0-b1751.21-8125866)
# Java VM: OpenJDK 64-Bit Server VM (11.0.13+0-b1751.21-8125866, mixed mode, tiered, compressed oops, g1 gc, windows-amd64)
Heap:
 garbage-first heap   total 260096K, used 123184K [0x0000000080000000, 0x0000000100000000)
  region size 1024K, 17 young (17408K), 10 survivors (10240K)
 Metaspace       used 120775K, capacity 124728K, committed 128692K, reserved 1159168K
  class space    used 15284K, capacity 16808K, committed 18656K, reserved 1048576K
GC Heap History (20 events):
Event: 186.944 GC heap before
{Heap before GC invocations=30 (full 0):
 garbage-first heap   total 260096K, used 140388K [0x0000000080000000, 0x0000000100000000)
  region size 1024K, 24 young (24576K), 8 survivors (8192K)
 Metaspace       used 118599K, capacity 122097K, committed 127668K, reserved 1159168K
  class space    used 15065K, capacity 16405K, committed 18656K, reserved 1048576K
}
Event: 186.954 GC heap after
{Heap after GC invocations=31 (full 0):
 garbage-first heap   total 260096K, used 124239K [0x0000000080000000, 0x0000000100000000)
  region size 1024K, 2 young (2048K), 2 survivors (2048K)
 Metaspace       used 118599K, capacity 122097K, committed 127668K, reserved 1159168K
  class space    used 15065K, capacity 16405K, committed 18656K, reserved 1048576K
}
Event: 193.286 GC heap before
{Heap before GC invocations=32 (full 0):
 garbage-first heap   total 260096K, used 234831K [0x0000000080000000, 0x0000000100000000)
  region size 1024K, 94 young (96256K), 2 survivors (2048K)
 Metaspace       used 118855K, capacity 122307K, committed 127924K, reserved 1159168K
  class space    used 15066K, capacity 16407K, committed 18656K, reserved 1048576K
}
Event: 193.297 GC heap after
{Heap after GC invocations=33 (full 0):
 garbage-first heap   total 260096K, used 127310K [0x0000000080000000, 0x0000000100000000)
  region size 1024K, 12 young (12288K), 12 survivors (12288K)
 Metaspace       used 118855K, capacity 122307K, committed 127924K, reserved 1159168K
  class space    used 15066K, capacity 16407K, committed 18656K, reserved 1048576K
}
Event: 193.301 GC heap before
{Heap before GC invocations=33 (full 0):
 garbage-first heap   total 260096K, used 128334K [0x0000000080000000, 0x0000000100000000)
  region size 1024K, 13 young (13312K), 12 survivors (12288K)
 Metaspace       used 118857K, capacity 122307K, committed 127924K, reserved 1159168K
  class space    used 15066K, capacity 16407K, committed 18656K, reserved 1048576K
}
Event: 193.314 GC heap after
{Heap after GC invocations=34 (full 0):
 garbage-first heap   total 260096K, used 120003K [0x0000000080000000, 0x0000000100000000)
  region size 1024K, 2 young (2048K), 2 survivors (2048K)
 Metaspace       used 118857K, capacity 122307K, committed 127924K, reserved 1159168K
  class space    used 15066K, capacity 16407K, committed 18656K, reserved 1048576K
}
Event: 193.451 GC heap before
{Heap before GC invocations=34 (full 0):
 garbage-first heap   total 260096K, used 143555K [0x0000000080000000, 0x0000000100000000)
  region size 1024K, 27 young (27648K), 2 survivors (2048K)
 Metaspace       used 118904K, capacity 122315K, committed 127924K, reserved 1159168K
  class space    used 15067K, capacity 16409K, committed 18656K, reserved 1048576K
}
Event: 193.455 GC heap after
{Heap after GC invocations=35 (full 0):
 garbage-first heap   total 260096K, used 119877K [0x0000000080000000, 0x0000000100000000)
  region size 1024K, 2 young (2048K), 2 survivors (2048K)
 Metaspace       used 118904K, capacity 122315K, committed 127924K, reserved 1159168K
  class space    used 15067K, capacity 16409K, committed 18656K, reserved 1048576K
}
Event: 291.226 GC heap before
{Heap before GC invocations=36 (full 0):
 garbage-first heap   total 260096K, used 250949K [0x0000000080000000, 0x0000000100000000)
  region size 1024K, 95 young (97280K), 2 survivors (2048K)
 Metaspace       used 119311K, capacity 122830K, committed 128180K, reserved 1159168K
  class space    used 15079K, capacity 16430K, committed 18656K, reserved 1048576K
}
Event: 291.229 GC heap after
{Heap after GC invocations=37 (full 0):
 garbage-first heap   total 260096K, used 119813K [0x0000000080000000, 0x0000000100000000)
  region size 1024K, 3 young (3072K), 3 survivors (3072K)
 Metaspace       used 119311K, capacity 122830K, committed 128180K, reserved 1159168K
  class space    used 15079K, capacity 16430K, committed 18656K, reserved 1048576K
}
Event: 291.265 GC heap before
{Heap before GC invocations=37 (full 0):
 garbage-first heap   total 260096K, used 129029K [0x0000000080000000, 0x0000000100000000)
  region size 1024K, 12 young (12288K), 3 survivors (3072K)
 Metaspace       used 119337K, capacity 122894K, committed 128180K, reserved 1159168K
  class space    used 15079K, capacity 16430K, committed 18656K, reserved 1048576K
}
Event: 291.270 GC heap after
{Heap after GC invocations=38 (full 0):
 garbage-first heap   total 260096K, used 115041K [0x0000000080000000, 0x0000000100000000)
  region size 1024K, 2 young (2048K), 2 survivors (2048K)
 Metaspace       used 119337K, capacity 122894K, committed 128180K, reserved 1159168K
  class space    used 15079K, capacity 16430K, committed 18656K, reserved 1048576K
}
Event: 291.482 GC heap before
{Heap before GC invocations=38 (full 0):
 garbage-first heap   total 260096K, used 151905K [0x0000000080000000, 0x0000000100000000)
  region size 1024K, 39 young (39936K), 2 survivors (2048K)
 Metaspace       used 119438K, capacity 122934K, committed 128180K, reserved 1159168K
  class space    used 15084K, capacity 16439K, committed 18656K, reserved 1048576K
}
Event: 291.497 GC heap after
{Heap after GC invocations=39 (full 0):
 garbage-first heap   total 260096K, used 120024K [0x0000000080000000, 0x0000000100000000)
  region size 1024K, 7 young (7168K), 7 survivors (7168K)
 Metaspace       used 119438K, capacity 122934K, committed 128180K, reserved 1159168K
  class space    used 15084K, capacity 16439K, committed 18656K, reserved 1048576K
}
Event: 306.090 GC heap before
{Heap before GC invocations=40 (full 0):
 garbage-first heap   total 260096K, used 225496K [0x0000000080000000, 0x0000000100000000)
  region size 1024K, 84 young (86016K), 7 survivors (7168K)
 Metaspace       used 119702K, capacity 123233K, committed 128436K, reserved 1159168K
  class space    used 15089K, capacity 16447K, committed 18656K, reserved 1048576K
}
Event: 306.096 GC heap after
{Heap after GC invocations=41 (full 0):
 garbage-first heap   total 260096K, used 122710K [0x0000000080000000, 0x0000000100000000)
  region size 1024K, 6 young (6144K), 6 survivors (6144K)
 Metaspace       used 119702K, capacity 123233K, committed 128436K, reserved 1159168K
  class space    used 15089K, capacity 16447K, committed 18656K, reserved 1048576K
}
Event: 306.132 GC heap before
{Heap before GC invocations=41 (full 0):
 garbage-first heap   total 260096K, used 127830K [0x0000000080000000, 0x0000000100000000)
  region size 1024K, 12 young (12288K), 6 survivors (6144K)
 Metaspace       used 119710K, capacity 123298K, committed 128692K, reserved 1159168K
  class space    used 15089K, capacity 16447K, committed 18656K, reserved 1048576K
}
Event: 306.139 GC heap after
{Heap after GC invocations=42 (full 0):
 garbage-first heap   total 260096K, used 108905K [0x0000000080000000, 0x0000000100000000)
  region size 1024K, 2 young (2048K), 2 survivors (2048K)
 Metaspace       used 119710K, capacity 123298K, committed 128692K, reserved 1159168K
  class space    used 15089K, capacity 16447K, committed 18656K, reserved 1048576K
}
Event: 313.240 GC heap before
{Heap before GC invocations=42 (full 0):
 garbage-first heap   total 260096K, used 196969K [0x0000000080000000, 0x0000000100000000)
  region size 1024K, 89 young (91136K), 2 survivors (2048K)
 Metaspace       used 120719K, capacity 124657K, committed 128692K, reserved 1159168K
  class space    used 15284K, capacity 16808K, committed 18656K, reserved 1048576K
}
Event: 313.253 GC heap after
{Heap after GC invocations=43 (full 0):
 garbage-first heap   total 260096K, used 117040K [0x0000000080000000, 0x0000000100000000)
  region size 1024K, 10 young (10240K), 10 survivors (10240K)
 Metaspace       used 120719K, capacity 124657K, committed 128692K, reserved 1159168K
  class space    used 15284K, capacity 16808K, committed 18656K, reserved 1048576K
}

