# JRE version: OpenJDK Runtime Environment (11.0.13) (build 11.0.13+0-b1751.21-8125866)
# Java VM: OpenJDK 64-Bit Server VM (11.0.13+0-b1751.21-8125866, mixed mode, tiered, compressed oops, g1 gc, windows-amd64)
Heap:
 garbage-first heap   total 333824K, used 197719K [0x0000000080000000, 0x0000000100000000)
  region size 1024K, 6 young (6144K), 5 survivors (5120K)
 Metaspace       used 182814K, capacity 188040K, committed 188752K, reserved 1214464K
  class space    used 22502K, capacity 24319K, committed 24704K, reserved 1048576K
GC Heap History (20 events):
Event: 17817.145 GC heap before
{Heap before GC invocations=222 (full 0):
 garbage-first heap   total 333824K, used 272678K [0x0000000080000000, 0x0000000100000000)
  region size 1024K, 80 young (81920K), 1 survivors (1024K)
 Metaspace       used 181865K, capacity 187241K, committed 187344K, reserved 1212416K
  class space    used 22556K, capacity 24501K, committed 24576K, reserved 1048576K
}
Event: 17817.151 GC heap after
{Heap after GC invocations=223 (full 0):
 garbage-first heap   total 333824K, used 196268K [0x0000000080000000, 0x0000000100000000)
  region size 1024K, 5 young (5120K), 5 survivors (5120K)
 Metaspace       used 181865K, capacity 187241K, committed 187344K, reserved 1212416K
  class space    used 22556K, capacity 24501K, committed 24576K, reserved 1048576K
}
Event: 18932.019 GC heap before
{Heap before GC invocations=224 (full 0):
 garbage-first heap   total 333824K, used 268972K [0x0000000080000000, 0x0000000100000000)
  region size 1024K, 83 young (84992K), 5 survivors (5120K)
 Metaspace       used 182428K, capacity 187996K, committed 188240K, reserved 1212416K
  class space    used 22620K, capacity 24598K, committed 24704K, reserved 1048576K
}
Event: 18932.039 GC heap after
{Heap after GC invocations=225 (full 0):
 garbage-first heap   total 333824K, used 193056K [0x0000000080000000, 0x0000000100000000)
  region size 1024K, 7 young (7168K), 7 survivors (7168K)
 Metaspace       used 182428K, capacity 187996K, committed 188240K, reserved 1212416K
  class space    used 22620K, capacity 24598K, committed 24704K, reserved 1048576K
}
Event: 18932.234 GC heap before
{Heap before GC invocations=225 (full 0):
 garbage-first heap   total 333824K, used 201248K [0x0000000080000000, 0x0000000100000000)
  region size 1024K, 16 young (16384K), 7 survivors (7168K)
 Metaspace       used 182478K, capacity 188086K, committed 188240K, reserved 1212416K
  class space    used 22622K, capacity 24602K, committed 24704K, reserved 1048576K
}
Event: 18932.245 GC heap after
{Heap after GC invocations=226 (full 0):
 garbage-first heap   total 333824K, used 194438K [0x0000000080000000, 0x0000000100000000)
  region size 1024K, 2 young (2048K), 2 survivors (2048K)
 Metaspace       used 182478K, capacity 188086K, committed 188240K, reserved 1212416K
  class space    used 22622K, capacity 24602K, committed 24704K, reserved 1048576K
}
Event: 19311.221 GC heap before
{Heap before GC invocations=226 (full 0):
 garbage-first heap   total 333824K, used 276358K [0x0000000080000000, 0x0000000100000000)
  region size 1024K, 83 young (84992K), 2 survivors (2048K)
 Metaspace       used 182714K, capacity 188408K, committed 188496K, reserved 1212416K
  class space    used 22643K, capacity 24636K, committed 24704K, reserved 1048576K
}
Event: 19311.236 GC heap after
{Heap after GC invocations=227 (full 0):
 garbage-first heap   total 333824K, used 200697K [0x0000000080000000, 0x0000000100000000)
  region size 1024K, 9 young (9216K), 9 survivors (9216K)
 Metaspace       used 182714K, capacity 188408K, committed 188496K, reserved 1212416K
  class space    used 22643K, capacity 24636K, committed 24704K, reserved 1048576K
}
Event: 19311.990 GC heap before
{Heap before GC invocations=228 (full 0):
 garbage-first heap   total 333824K, used 277497K [0x0000000080000000, 0x0000000100000000)
  region size 1024K, 85 young (87040K), 9 survivors (9216K)
 Metaspace       used 181968K, capacity 187044K, committed 188496K, reserved 1212416K
  class space    used 22414K, capacity 24195K, committed 24704K, reserved 1048576K
}
Event: 19312.002 GC heap after
{Heap after GC invocations=229 (full 0):
 garbage-first heap   total 333824K, used 207529K [0x0000000080000000, 0x0000000100000000)
  region size 1024K, 8 young (8192K), 8 survivors (8192K)
 Metaspace       used 181968K, capacity 187044K, committed 188496K, reserved 1212416K
  class space    used 22414K, capacity 24195K, committed 24704K, reserved 1048576K
}
Event: 19312.032 GC heap before
{Heap before GC invocations=229 (full 0):
 garbage-first heap   total 333824K, used 215721K [0x0000000080000000, 0x0000000100000000)
  region size 1024K, 16 young (16384K), 8 survivors (8192K)
 Metaspace       used 182020K, capacity 187096K, committed 188496K, reserved 1212416K
  class space    used 22420K, capacity 24205K, committed 24704K, reserved 1048576K
}
Event: 19312.074 GC heap after
{Heap after GC invocations=230 (full 0):
 garbage-first heap   total 333824K, used 197845K [0x0000000080000000, 0x0000000100000000)
  region size 1024K, 2 young (2048K), 2 survivors (2048K)
 Metaspace       used 182020K, capacity 187096K, committed 188496K, reserved 1212416K
  class space    used 22420K, capacity 24205K, committed 24704K, reserved 1048576K
}
Event: 19325.553 GC heap before
{Heap before GC invocations=230 (full 0):
 garbage-first heap   total 333824K, used 278741K [0x0000000080000000, 0x0000000100000000)
  region size 1024K, 81 young (82944K), 2 survivors (2048K)
 Metaspace       used 182281K, capacity 187408K, committed 188496K, reserved 1212416K
  class space    used 22439K, capacity 24232K, committed 24704K, reserved 1048576K
}
Event: 19325.585 GC heap after
{Heap after GC invocations=231 (full 0):
 garbage-first heap   total 333824K, used 204857K [0x0000000080000000, 0x0000000100000000)
  region size 1024K, 9 young (9216K), 9 survivors (9216K)
 Metaspace       used 182281K, capacity 187408K, committed 188496K, reserved 1212416K
  class space    used 22439K, capacity 24232K, committed 24704K, reserved 1048576K
}
Event: 19664.863 GC heap before
{Heap before GC invocations=232 (full 0):
 garbage-first heap   total 333824K, used 278585K [0x0000000080000000, 0x0000000100000000)
  region size 1024K, 81 young (82944K), 9 survivors (9216K)
 Metaspace       used 182570K, capacity 187816K, committed 188752K, reserved 1214464K
  class space    used 22470K, capacity 24278K, committed 24704K, reserved 1048576K
}
Event: 19664.867 GC heap after
{Heap after GC invocations=233 (full 0):
 garbage-first heap   total 333824K, used 201023K [0x0000000080000000, 0x0000000100000000)
  region size 1024K, 3 young (3072K), 3 survivors (3072K)
 Metaspace       used 182570K, capacity 187816K, committed 188752K, reserved 1214464K
  class space    used 22470K, capacity 24278K, committed 24704K, reserved 1048576K
}
Event: 19664.976 GC heap before
{Heap before GC invocations=233 (full 0):
 garbage-first heap   total 333824K, used 214335K [0x0000000080000000, 0x0000000100000000)
  region size 1024K, 16 young (16384K), 3 survivors (3072K)
 Metaspace       used 182627K, capacity 187863K, committed 188752K, reserved 1214464K
  class space    used 22479K, capacity 24290K, committed 24704K, reserved 1048576K
}
Event: 19664.987 GC heap after
{Heap after GC invocations=234 (full 0):
 garbage-first heap   total 333824K, used 194939K [0x0000000080000000, 0x0000000100000000)
  region size 1024K, 2 young (2048K), 2 survivors (2048K)
 Metaspace       used 182627K, capacity 187863K, committed 188752K, reserved 1214464K
  class space    used 22479K, capacity 24290K, committed 24704K, reserved 1048576K
}
Event: 19708.025 GC heap before
{Heap before GC invocations=234 (full 0):
 garbage-first heap   total 333824K, used 277883K [0x0000000080000000, 0x0000000100000000)
  region size 1024K, 84 young (86016K), 2 survivors (2048K)
 Metaspace       used 182814K, capacity 188040K, committed 188752K, reserved 1214464K
  class space    used 22502K, capacity 24319K, committed 24704K, reserved 1048576K
}
Event: 19708.034 GC heap after
{Heap after GC invocations=235 (full 0):
 garbage-first heap   total 333824K, used 197719K [0x0000000080000000, 0x0000000100000000)
  region size 1024K, 5 young (5120K), 5 survivors (5120K)
 Metaspace       used 182814K, capacity 188040K, committed 188752K, reserved 1214464K
  class space    used 22502K, capacity 24319K, committed 24704K, reserved 1048576K
}

